\BOOKMARK [0][-]{chapter.1}{Mutual Exclusion}{}% 1
\BOOKMARK [1][-]{section.1.1}{LockFreeQueueTest}{chapter.1}% 2
\BOOKMARK [2][-]{subsection.1.1.1}{Particular Case \(problem\)}{section.1.1}% 3
\BOOKMARK [2][-]{subsection.1.1.2}{Solution}{section.1.1}% 4
\BOOKMARK [2][-]{subsection.1.1.3}{Experiment Description}{section.1.1}% 5
\BOOKMARK [2][-]{subsection.1.1.4}{Observations and Interpretations}{section.1.1}% 6
\BOOKMARK [2][-]{subsection.1.1.5}{Proposed changes to fix the problems}{section.1.1}% 7
\BOOKMARK [1][-]{section.1.2}{Peterson Algorithm}{chapter.1}% 8
\BOOKMARK [2][-]{subsection.1.2.1}{Particular Case}{section.1.2}% 9
\BOOKMARK [2][-]{subsection.1.2.2}{Solution}{section.1.2}% 10
\BOOKMARK [2][-]{subsection.1.2.3}{Experiment Description}{section.1.2}% 11
\BOOKMARK [2][-]{subsection.1.2.4}{Sample Results}{section.1.2}% 12
\BOOKMARK [2][-]{subsection.1.2.5}{Interpretation}{section.1.2}% 13
\BOOKMARK [1][-]{section.1.3}{Bakery Test}{chapter.1}% 14
\BOOKMARK [2][-]{subsection.1.3.1}{Particular Case}{section.1.3}% 15
\BOOKMARK [2][-]{subsection.1.3.2}{Solution}{section.1.3}% 16
\BOOKMARK [2][-]{subsection.1.3.3}{Experiment Description}{section.1.3}% 17
\BOOKMARK [2][-]{subsection.1.3.4}{Sample Results}{section.1.3}% 18
\BOOKMARK [2][-]{subsection.1.3.5}{Interpretation}{section.1.3}% 19
\BOOKMARK [0][-]{chapter.2}{Foundations of Shared Memory}{}% 20
\BOOKMARK [1][-]{section.2.1}{Safe Boolean MRSW Register}{chapter.2}% 21
\BOOKMARK [2][-]{subsection.2.1.1}{Particular Case}{section.2.1}% 22
\BOOKMARK [2][-]{subsection.2.1.2}{Solution}{section.2.1}% 23
\BOOKMARK [2][-]{subsection.2.1.3}{Experiment Description}{section.2.1}% 24
\BOOKMARK [2][-]{subsection.2.1.4}{Sample Results}{section.2.1}% 25
\BOOKMARK [2][-]{subsection.2.1.5}{Interpretation}{section.2.1}% 26
\BOOKMARK [1][-]{section.2.2}{RegMRSWRegisterTest}{chapter.2}% 27
\BOOKMARK [2][-]{subsection.2.2.1}{Particular Case \(problem\)}{section.2.2}% 28
\BOOKMARK [2][-]{subsection.2.2.2}{Solution}{section.2.2}% 29
\BOOKMARK [2][-]{subsection.2.2.3}{Experiment Description}{section.2.2}% 30
\BOOKMARK [2][-]{subsection.2.2.4}{Observations and Interpretations}{section.2.2}% 31
\BOOKMARK [1][-]{section.2.3}{Atomic MRSW Register}{chapter.2}% 32
\BOOKMARK [2][-]{subsection.2.3.1}{Particular Case}{section.2.3}% 33
\BOOKMARK [2][-]{subsection.2.3.2}{Solution}{section.2.3}% 34
\BOOKMARK [2][-]{subsection.2.3.3}{Experiment Description}{section.2.3}% 35
\BOOKMARK [2][-]{subsection.2.3.4}{Sample Results}{section.2.3}% 36
\BOOKMARK [2][-]{subsection.2.3.5}{Interpretation}{section.2.3}% 37
\BOOKMARK [1][-]{section.2.4}{AtomicMRMWRegisterTest}{chapter.2}% 38
\BOOKMARK [2][-]{subsection.2.4.1}{Particular Case \(problem\)}{section.2.4}% 39
\BOOKMARK [2][-]{subsection.2.4.2}{Solution}{section.2.4}% 40
\BOOKMARK [2][-]{subsection.2.4.3}{Experiment Description}{section.2.4}% 41
\BOOKMARK [2][-]{subsection.2.4.4}{Observations and Interpretations}{section.2.4}% 42
\BOOKMARK [1][-]{section.2.5}{SimpleSnapshotTest}{chapter.2}% 43
\BOOKMARK [2][-]{subsection.2.5.1}{Particular Case \(problem\)}{section.2.5}% 44
\BOOKMARK [2][-]{subsection.2.5.2}{Solution}{section.2.5}% 45
\BOOKMARK [2][-]{subsection.2.5.3}{Experiment Description}{section.2.5}% 46
\BOOKMARK [2][-]{subsection.2.5.4}{Observations and Interpretations}{section.2.5}% 47
\BOOKMARK [1][-]{section.2.6}{Wait-Free Snapshots}{chapter.2}% 48
\BOOKMARK [2][-]{subsection.2.6.1}{Particular Case}{section.2.6}% 49
\BOOKMARK [2][-]{subsection.2.6.2}{Solution}{section.2.6}% 50
\BOOKMARK [2][-]{subsection.2.6.3}{Experiment Description}{section.2.6}% 51
\BOOKMARK [2][-]{subsection.2.6.4}{Sample Results}{section.2.6}% 52
\BOOKMARK [2][-]{subsection.2.6.5}{Interpretation}{section.2.6}% 53
\BOOKMARK [0][-]{chapter.3}{Spin Locks and Contention}{}% 54
\BOOKMARK [1][-]{section.3.1}{Problem Definition}{chapter.3}% 55
\BOOKMARK [1][-]{section.3.2}{Test-And-Set Locks}{chapter.3}% 56
\BOOKMARK [2][-]{subsection.3.2.1}{Particular Case}{section.3.2}% 57
\BOOKMARK [2][-]{subsection.3.2.2}{Solution}{section.3.2}% 58
\BOOKMARK [2][-]{subsection.3.2.3}{Experiment Description}{section.3.2}% 59
\BOOKMARK [2][-]{subsection.3.2.4}{Sample Results}{section.3.2}% 60
\BOOKMARK [2][-]{subsection.3.2.5}{Interpretation}{section.3.2}% 61
\BOOKMARK [1][-]{section.3.3}{TTASLockTest}{chapter.3}% 62
\BOOKMARK [2][-]{subsection.3.3.1}{Particular Case \(problem\)}{section.3.3}% 63
\BOOKMARK [2][-]{subsection.3.3.2}{Solution}{section.3.3}% 64
\BOOKMARK [2][-]{subsection.3.3.3}{Experiment Description}{section.3.3}% 65
\BOOKMARK [2][-]{subsection.3.3.4}{Observations and Interpretations}{section.3.3}% 66
\BOOKMARK [1][-]{section.3.4}{Hierarchical Backoff Lock}{chapter.3}% 67
\BOOKMARK [2][-]{subsection.3.4.1}{Particular Case}{section.3.4}% 68
\BOOKMARK [2][-]{subsection.3.4.2}{Solution}{section.3.4}% 69
\BOOKMARK [2][-]{subsection.3.4.3}{Experiment Description}{section.3.4}% 70
\BOOKMARK [2][-]{subsection.3.4.4}{Sample Results}{section.3.4}% 71
\BOOKMARK [2][-]{subsection.3.4.5}{Interpretation}{section.3.4}% 72
\BOOKMARK [1][-]{section.3.5}{BackoffLockTest}{chapter.3}% 73
\BOOKMARK [2][-]{subsection.3.5.1}{Particular Case \(problem\)}{section.3.5}% 74
\BOOKMARK [2][-]{subsection.3.5.2}{Solution}{section.3.5}% 75
\BOOKMARK [2][-]{subsection.3.5.3}{Experiment Description}{section.3.5}% 76
\BOOKMARK [2][-]{subsection.3.5.4}{Observations and Interpretations}{section.3.5}% 77
\BOOKMARK [1][-]{section.3.6}{CLH Queue Lock}{chapter.3}% 78
\BOOKMARK [2][-]{subsection.3.6.1}{Particular Case}{section.3.6}% 79
\BOOKMARK [2][-]{subsection.3.6.2}{Solution}{section.3.6}% 80
\BOOKMARK [2][-]{subsection.3.6.3}{Experiment Description}{section.3.6}% 81
\BOOKMARK [2][-]{subsection.3.6.4}{Sample Results}{section.3.6}% 82
\BOOKMARK [2][-]{subsection.3.6.5}{Interpretation}{section.3.6}% 83
\BOOKMARK [1][-]{section.3.7}{CompositeLockTest}{chapter.3}% 84
\BOOKMARK [2][-]{subsection.3.7.1}{Particular Case \(problem\)}{section.3.7}% 85
\BOOKMARK [2][-]{subsection.3.7.2}{Solution}{section.3.7}% 86
\BOOKMARK [2][-]{subsection.3.7.3}{Experiment Description}{section.3.7}% 87
\BOOKMARK [2][-]{subsection.3.7.4}{Observations and Interpretations}{section.3.7}% 88
\BOOKMARK [1][-]{section.3.8}{MCSLockTest}{chapter.3}% 89
\BOOKMARK [2][-]{subsection.3.8.1}{Particular Case \(problem\)}{section.3.8}% 90
\BOOKMARK [2][-]{subsection.3.8.2}{Solution}{section.3.8}% 91
\BOOKMARK [2][-]{subsection.3.8.3}{Experiment Description}{section.3.8}% 92
\BOOKMARK [2][-]{subsection.3.8.4}{Observations and Interpretations}{section.3.8}% 93
\BOOKMARK [0][-]{chapter.4}{Monitors and Blocking Synchronization}{}% 94
\BOOKMARK [1][-]{section.4.1}{QueueTest}{chapter.4}% 95
\BOOKMARK [2][-]{subsection.4.1.1}{Particular Case \(problem\)}{section.4.1}% 96
\BOOKMARK [2][-]{subsection.4.1.2}{Solution}{section.4.1}% 97
\BOOKMARK [2][-]{subsection.4.1.3}{Experiment Description}{section.4.1}% 98
\BOOKMARK [2][-]{subsection.4.1.4}{Observations and Interpretations}{section.4.1}% 99
\BOOKMARK [1][-]{section.4.2}{Count Down Latch}{chapter.4}% 100
\BOOKMARK [2][-]{subsection.4.2.1}{Particular Case}{section.4.2}% 101
\BOOKMARK [2][-]{subsection.4.2.2}{Solution}{section.4.2}% 102
\BOOKMARK [2][-]{subsection.4.2.3}{Experiment Description}{section.4.2}% 103
\BOOKMARK [2][-]{subsection.4.2.4}{Sample Results}{section.4.2}% 104
\BOOKMARK [2][-]{subsection.4.2.5}{Interpretation}{section.4.2}% 105
\BOOKMARK [0][-]{chapter.5}{Linked Lists: The Role of Locking}{}% 106
\BOOKMARK [1][-]{section.5.1}{LockFreeQueueTest}{chapter.5}% 107
\BOOKMARK [2][-]{subsection.5.1.1}{Particular Case \(problem\)}{section.5.1}% 108
\BOOKMARK [2][-]{subsection.5.1.2}{Solution}{section.5.1}% 109
\BOOKMARK [2][-]{subsection.5.1.3}{Experiment Description}{section.5.1}% 110
\BOOKMARK [2][-]{subsection.5.1.4}{Observations and Interpretations}{section.5.1}% 111
\BOOKMARK [2][-]{subsection.5.1.5}{Proposed changes to fix the problems}{section.5.1}% 112
\BOOKMARK [1][-]{section.5.2}{LazyListTest}{chapter.5}% 113
\BOOKMARK [2][-]{subsection.5.2.1}{Particular Case \(problem\)}{section.5.2}% 114
\BOOKMARK [2][-]{subsection.5.2.2}{Solution}{section.5.2}% 115
\BOOKMARK [2][-]{subsection.5.2.3}{Experiment Description}{section.5.2}% 116
\BOOKMARK [2][-]{subsection.5.2.4}{Observations and Interpretations}{section.5.2}% 117
\BOOKMARK [0][-]{chapter.6}{Concurrent Queues and the ABA Problem}{}% 118
\BOOKMARK [1][-]{section.6.1}{BoundedQueueTest}{chapter.6}% 119
\BOOKMARK [2][-]{subsection.6.1.1}{Particular Case \(problem\)}{section.6.1}% 120
\BOOKMARK [2][-]{subsection.6.1.2}{Solution}{section.6.1}% 121
\BOOKMARK [2][-]{subsection.6.1.3}{Experiment Description}{section.6.1}% 122
\BOOKMARK [2][-]{subsection.6.1.4}{Observations and Interpretations}{section.6.1}% 123
\BOOKMARK [1][-]{section.6.2}{SynchronousDualQueueTest}{chapter.6}% 124
\BOOKMARK [2][-]{subsection.6.2.1}{Particular Case \(problem\)}{section.6.2}% 125
\BOOKMARK [2][-]{subsection.6.2.2}{Solution}{section.6.2}% 126
\BOOKMARK [2][-]{subsection.6.2.3}{Experiment Description}{section.6.2}% 127
\BOOKMARK [2][-]{subsection.6.2.4}{Observations and Interpretations}{section.6.2}% 128
\BOOKMARK [1][-]{section.6.3}{LockFreeQueueRecycleTest}{chapter.6}% 129
\BOOKMARK [2][-]{subsection.6.3.1}{Particular Case \(problem\)}{section.6.3}% 130
\BOOKMARK [2][-]{subsection.6.3.2}{Solution}{section.6.3}% 131
\BOOKMARK [2][-]{subsection.6.3.3}{Experiment Description}{section.6.3}% 132
\BOOKMARK [2][-]{subsection.6.3.4}{Observations and Interpretations}{section.6.3}% 133
\BOOKMARK [1][-]{section.6.4}{BoundedQueueTest}{chapter.6}% 134
\BOOKMARK [2][-]{subsection.6.4.1}{Particular Case \(problem\)}{section.6.4}% 135
\BOOKMARK [2][-]{subsection.6.4.2}{Solution}{section.6.4}% 136
\BOOKMARK [2][-]{subsection.6.4.3}{Experiment Description}{section.6.4}% 137
\BOOKMARK [2][-]{subsection.6.4.4}{Observations and Interpretations}{section.6.4}% 138
\BOOKMARK [0][-]{chapter.7}{Counting, Sorting and Distributed Coordination}{}% 139
\BOOKMARK [1][-]{section.7.1}{TreeTest}{chapter.7}% 140
\BOOKMARK [2][-]{subsection.7.1.1}{Particular Case \(problem\)}{section.7.1}% 141
\BOOKMARK [2][-]{subsection.7.1.2}{Solution}{section.7.1}% 142
\BOOKMARK [2][-]{subsection.7.1.3}{Experiment Description}{section.7.1}% 143
\BOOKMARK [2][-]{subsection.7.1.4}{Observations and Interpretations}{section.7.1}% 144
